{"C:\\Users\\KP-CHANDRA-NEW\\Desktop\\react-testing\\part2-notes-frontend\\src\\App.jsx": {"path":"C:\\Users\\KP-CHANDRA-NEW\\Desktop\\react-testing\\part2-notes-frontend\\src\\App.jsx","all":true,"statementMap":{"0":{"start":{"line":1,"column":0},"end":{"line":1,"column":44}},"1":{"start":{"line":2,"column":0},"end":{"line":2,"column":36}},"2":{"start":{"line":3,"column":0},"end":{"line":3,"column":44}},"4":{"start":{"line":5,"column":0},"end":{"line":5,"column":28}},"5":{"start":{"line":6,"column":0},"end":{"line":6,"column":10}},"6":{"start":{"line":7,"column":0},"end":{"line":7,"column":9}},"7":{"start":{"line":8,"column":0},"end":{"line":8,"column":20}},"14":{"start":{"line":15,"column":0},"end":{"line":15,"column":18}},"15":{"start":{"line":16,"column":0},"end":{"line":16,"column":10}},"17":{"start":{"line":18,"column":0},"end":{"line":18,"column":1}},"19":{"start":{"line":20,"column":0},"end":{"line":20,"column":18}}},"s":{"0":0,"1":0,"2":0,"4":0,"5":0,"6":0,"7":0,"14":0,"15":0,"17":0,"19":0},"branchMap":{"0":{"type":"branch","line":1,"loc":{"start":{"line":1,"column":191},"end":{"line":20,"column":-273}},"locations":[{"start":{"line":1,"column":191},"end":{"line":20,"column":-273}}]}},"b":{"0":[0]},"fnMap":{"0":{"name":"(empty-report)","decl":{"start":{"line":1,"column":191},"end":{"line":20,"column":-273}},"loc":{"start":{"line":1,"column":191},"end":{"line":20,"column":-273}},"line":1}},"f":{"0":0}}
,"C:\\Users\\KP-CHANDRA-NEW\\Desktop\\react-testing\\part2-notes-frontend\\src\\main.jsx": {"path":"C:\\Users\\KP-CHANDRA-NEW\\Desktop\\react-testing\\part2-notes-frontend\\src\\main.jsx","all":true,"statementMap":{"0":{"start":{"line":1,"column":0},"end":{"line":1,"column":39}},"1":{"start":{"line":2,"column":0},"end":{"line":2,"column":23}},"3":{"start":{"line":4,"column":0},"end":{"line":4,"column":15}},"4":{"start":{"line":5,"column":0},"end":{"line":5,"column":3}},"5":{"start":{"line":6,"column":0},"end":{"line":6,"column":10}},"6":{"start":{"line":7,"column":0},"end":{"line":7,"column":28}},"7":{"start":{"line":8,"column":0},"end":{"line":8,"column":20}},"8":{"start":{"line":9,"column":0},"end":{"line":9,"column":4}},"9":{"start":{"line":10,"column":0},"end":{"line":10,"column":3}},"10":{"start":{"line":11,"column":0},"end":{"line":11,"column":10}},"11":{"start":{"line":12,"column":0},"end":{"line":12,"column":51}},"12":{"start":{"line":13,"column":0},"end":{"line":13,"column":21}},"13":{"start":{"line":14,"column":0},"end":{"line":14,"column":4}},"14":{"start":{"line":15,"column":0},"end":{"line":15,"column":3}},"15":{"start":{"line":16,"column":0},"end":{"line":16,"column":10}},"16":{"start":{"line":17,"column":0},"end":{"line":17,"column":76}},"17":{"start":{"line":18,"column":0},"end":{"line":18,"column":20}},"18":{"start":{"line":19,"column":0},"end":{"line":19,"column":4}},"19":{"start":{"line":20,"column":0},"end":{"line":20,"column":1}},"21":{"start":{"line":22,"column":0},"end":{"line":22,"column":60}},"22":{"start":{"line":23,"column":0},"end":{"line":23,"column":23}},"23":{"start":{"line":24,"column":0},"end":{"line":24,"column":1}}},"s":{"0":0,"1":0,"3":0,"4":0,"5":0,"6":0,"7":0,"8":0,"9":0,"10":0,"11":0,"12":0,"13":0,"14":0,"15":0,"16":0,"17":0,"18":0,"19":0,"21":0,"22":0,"23":0},"branchMap":{"0":{"type":"branch","line":1,"loc":{"start":{"line":1,"column":451},"end":{"line":24,"column":-246}},"locations":[{"start":{"line":1,"column":451},"end":{"line":24,"column":-246}}]}},"b":{"0":[0]},"fnMap":{"0":{"name":"(empty-report)","decl":{"start":{"line":1,"column":451},"end":{"line":24,"column":-246}},"loc":{"start":{"line":1,"column":451},"end":{"line":24,"column":-246}},"line":1}},"f":{"0":0}}
,"C:\\Users\\KP-CHANDRA-NEW\\Desktop\\react-testing\\part2-notes-frontend\\src\\components\\BlogList.tsx": {"path":"C:\\Users\\KP-CHANDRA-NEW\\Desktop\\react-testing\\part2-notes-frontend\\src\\components\\BlogList.tsx","all":false,"statementMap":{"1":{"start":{"line":2,"column":0},"end":{"line":2,"column":15}},"2":{"start":{"line":3,"column":0},"end":{"line":3,"column":5}},"3":{"start":{"line":4,"column":0},"end":{"line":4,"column":14}},"4":{"start":{"line":5,"column":0},"end":{"line":5,"column":28}},"5":{"start":{"line":6,"column":0},"end":{"line":6,"column":58}},"6":{"start":{"line":7,"column":0},"end":{"line":7,"column":27}},"7":{"start":{"line":8,"column":0},"end":{"line":8,"column":46}},"8":{"start":{"line":9,"column":0},"end":{"line":9,"column":17}},"9":{"start":{"line":10,"column":0},"end":{"line":10,"column":6}},"10":{"start":{"line":11,"column":0},"end":{"line":11,"column":5}},"11":{"start":{"line":12,"column":0},"end":{"line":12,"column":14}},"12":{"start":{"line":13,"column":0},"end":{"line":13,"column":29}},"13":{"start":{"line":14,"column":0},"end":{"line":14,"column":59}},"14":{"start":{"line":15,"column":0},"end":{"line":15,"column":29}},"15":{"start":{"line":16,"column":0},"end":{"line":16,"column":47}},"16":{"start":{"line":17,"column":0},"end":{"line":17,"column":17}},"17":{"start":{"line":18,"column":0},"end":{"line":18,"column":6}},"18":{"start":{"line":19,"column":0},"end":{"line":19,"column":5}},"19":{"start":{"line":20,"column":0},"end":{"line":20,"column":14}},"20":{"start":{"line":21,"column":0},"end":{"line":21,"column":28}},"21":{"start":{"line":22,"column":0},"end":{"line":22,"column":58}},"22":{"start":{"line":23,"column":0},"end":{"line":23,"column":32}},"23":{"start":{"line":24,"column":0},"end":{"line":24,"column":46}},"24":{"start":{"line":25,"column":0},"end":{"line":25,"column":17}},"25":{"start":{"line":26,"column":0},"end":{"line":26,"column":5}},"26":{"start":{"line":27,"column":0},"end":{"line":27,"column":1}},"27":{"start":{"line":28,"column":0},"end":{"line":28,"column":33}},"28":{"start":{"line":29,"column":0},"end":{"line":29,"column":12}},"29":{"start":{"line":30,"column":0},"end":{"line":30,"column":35}},"31":{"start":{"line":32,"column":0},"end":{"line":32,"column":35}},"32":{"start":{"line":33,"column":0},"end":{"line":33,"column":61}},"33":{"start":{"line":34,"column":0},"end":{"line":34,"column":45}},"34":{"start":{"line":35,"column":0},"end":{"line":35,"column":45}},"35":{"start":{"line":36,"column":0},"end":{"line":36,"column":94}},"36":{"start":{"line":37,"column":0},"end":{"line":37,"column":92}},"37":{"start":{"line":38,"column":0},"end":{"line":38,"column":98}},"38":{"start":{"line":39,"column":0},"end":{"line":39,"column":26}},"39":{"start":{"line":40,"column":0},"end":{"line":40,"column":18}},"41":{"start":{"line":42,"column":0},"end":{"line":42,"column":76}},"42":{"start":{"line":43,"column":0},"end":{"line":43,"column":14}},"44":{"start":{"line":45,"column":0},"end":{"line":45,"column":1}},"46":{"start":{"line":47,"column":0},"end":{"line":47,"column":23}}},"s":{"1":1,"2":1,"3":1,"4":1,"5":1,"6":1,"7":1,"8":1,"9":1,"10":1,"11":1,"12":1,"13":1,"14":1,"15":1,"16":1,"17":1,"18":1,"19":1,"20":1,"21":1,"22":1,"23":1,"24":1,"25":1,"26":1,"27":1,"28":1,"29":1,"31":1,"32":3,"33":3,"34":3,"35":3,"36":3,"37":3,"38":3,"39":1,"41":1,"42":1,"44":1,"46":1},"branchMap":{"0":{"type":"branch","line":28,"loc":{"start":{"line":28,"column":0},"end":{"line":45,"column":1}},"locations":[{"start":{"line":28,"column":0},"end":{"line":45,"column":1}}]},"1":{"type":"branch","line":32,"loc":{"start":{"line":32,"column":26},"end":{"line":39,"column":26}},"locations":[{"start":{"line":32,"column":26},"end":{"line":39,"column":26}}]},"2":{"type":"branch","line":42,"loc":{"start":{"line":42,"column":35},"end":{"line":42,"column":60}},"locations":[{"start":{"line":42,"column":35},"end":{"line":42,"column":60}}]}},"b":{"0":[1],"1":[3],"2":[1]},"fnMap":{"0":{"name":"BlogList","decl":{"start":{"line":28,"column":0},"end":{"line":45,"column":1}},"loc":{"start":{"line":28,"column":0},"end":{"line":45,"column":1}},"line":28},"1":{"name":"onDoubleClick","decl":{"start":{"line":42,"column":35},"end":{"line":42,"column":60}},"loc":{"start":{"line":42,"column":35},"end":{"line":42,"column":60}},"line":42}},"f":{"0":1,"1":1}}
,"C:\\Users\\KP-CHANDRA-NEW\\Desktop\\react-testing\\part2-notes-frontend\\src\\components\\Note.jsx": {"path":"C:\\Users\\KP-CHANDRA-NEW\\Desktop\\react-testing\\part2-notes-frontend\\src\\components\\Note.jsx","all":false,"statementMap":{"0":{"start":{"line":1,"column":0},"end":{"line":1,"column":46}},"1":{"start":{"line":2,"column":0},"end":{"line":2,"column":30}},"2":{"start":{"line":3,"column":0},"end":{"line":3,"column":26}},"3":{"start":{"line":4,"column":0},"end":{"line":4,"column":22}},"5":{"start":{"line":6,"column":0},"end":{"line":6,"column":10}},"7":{"start":{"line":8,"column":0},"end":{"line":8,"column":25}},"8":{"start":{"line":9,"column":0},"end":{"line":9,"column":20}},"9":{"start":{"line":10,"column":0},"end":{"line":10,"column":57}},"10":{"start":{"line":11,"column":0},"end":{"line":11,"column":9}},"12":{"start":{"line":13,"column":0},"end":{"line":13,"column":1}},"13":{"start":{"line":14,"column":0},"end":{"line":14,"column":20}}},"s":{"0":1,"1":3,"2":3,"3":0,"5":3,"7":3,"8":3,"9":3,"10":3,"12":3,"13":1},"branchMap":{"0":{"type":"branch","line":1,"loc":{"start":{"line":1,"column":13},"end":{"line":13,"column":1}},"locations":[{"start":{"line":1,"column":13},"end":{"line":13,"column":1}}]},"1":{"type":"branch","line":3,"loc":{"start":{"line":3,"column":6},"end":{"line":4,"column":22}},"locations":[{"start":{"line":3,"column":6},"end":{"line":4,"column":22}}]}},"b":{"0":[3],"1":[0]},"fnMap":{"0":{"name":"Note","decl":{"start":{"line":1,"column":13},"end":{"line":13,"column":1}},"loc":{"start":{"line":1,"column":13},"end":{"line":13,"column":1}},"line":1}},"f":{"0":3}}
,"C:\\Users\\KP-CHANDRA-NEW\\Desktop\\react-testing\\part2-notes-frontend\\src\\components\\NoteForm.tsx": {"path":"C:\\Users\\KP-CHANDRA-NEW\\Desktop\\react-testing\\part2-notes-frontend\\src\\components\\NoteForm.tsx","all":false,"statementMap":{"0":{"start":{"line":1,"column":0},"end":{"line":1,"column":32}},"2":{"start":{"line":3,"column":0},"end":{"line":3,"column":38}},"3":{"start":{"line":4,"column":0},"end":{"line":4,"column":44}},"5":{"start":{"line":6,"column":0},"end":{"line":6,"column":28}},"6":{"start":{"line":7,"column":0},"end":{"line":7,"column":26}},"7":{"start":{"line":8,"column":0},"end":{"line":8,"column":16}},"8":{"start":{"line":9,"column":0},"end":{"line":9,"column":23}},"9":{"start":{"line":10,"column":0},"end":{"line":10,"column":21}},"10":{"start":{"line":11,"column":0},"end":{"line":11,"column":6}},"12":{"start":{"line":13,"column":0},"end":{"line":13,"column":18}},"13":{"start":{"line":14,"column":0},"end":{"line":14,"column":3}},"15":{"start":{"line":16,"column":0},"end":{"line":16,"column":10}},"16":{"start":{"line":17,"column":0},"end":{"line":17,"column":9}},"17":{"start":{"line":18,"column":0},"end":{"line":18,"column":32}},"19":{"start":{"line":20,"column":0},"end":{"line":20,"column":31}},"20":{"start":{"line":21,"column":0},"end":{"line":21,"column":14}},"21":{"start":{"line":22,"column":0},"end":{"line":22,"column":25}},"22":{"start":{"line":23,"column":0},"end":{"line":23,"column":60}},"23":{"start":{"line":24,"column":0},"end":{"line":24,"column":10}},"24":{"start":{"line":25,"column":0},"end":{"line":25,"column":43}},"25":{"start":{"line":26,"column":0},"end":{"line":26,"column":13}},"26":{"start":{"line":27,"column":0},"end":{"line":27,"column":10}},"28":{"start":{"line":29,"column":0},"end":{"line":29,"column":1}},"30":{"start":{"line":31,"column":0},"end":{"line":31,"column":23}}},"s":{"0":1,"2":1,"3":21,"5":21,"6":1,"7":1,"8":1,"9":1,"10":1,"12":1,"13":1,"15":21,"16":21,"17":21,"19":21,"20":21,"21":21,"22":21,"23":21,"24":21,"25":21,"26":21,"28":21,"30":1},"branchMap":{"0":{"type":"branch","line":3,"loc":{"start":{"line":3,"column":17},"end":{"line":29,"column":1}},"locations":[{"start":{"line":3,"column":17},"end":{"line":29,"column":1}}]},"1":{"type":"branch","line":6,"loc":{"start":{"line":6,"column":18},"end":{"line":14,"column":3}},"locations":[{"start":{"line":6,"column":18},"end":{"line":14,"column":3}}]},"2":{"type":"branch","line":23,"loc":{"start":{"line":23,"column":20},"end":{"line":23,"column":60}},"locations":[{"start":{"line":23,"column":20},"end":{"line":23,"column":60}}]}},"b":{"0":[21],"1":[1],"2":[19]},"fnMap":{"0":{"name":"NoteForm","decl":{"start":{"line":3,"column":17},"end":{"line":29,"column":1}},"loc":{"start":{"line":3,"column":17},"end":{"line":29,"column":1}},"line":3},"1":{"name":"addNote","decl":{"start":{"line":6,"column":18},"end":{"line":14,"column":3}},"loc":{"start":{"line":6,"column":18},"end":{"line":14,"column":3}},"line":6},"2":{"name":"onChange","decl":{"start":{"line":23,"column":20},"end":{"line":23,"column":60}},"loc":{"start":{"line":23,"column":20},"end":{"line":23,"column":60}},"line":23}},"f":{"0":21,"1":1,"2":19}}
,"C:\\Users\\KP-CHANDRA-NEW\\Desktop\\react-testing\\part2-notes-frontend\\src\\components\\Toggleable.jsx": {"path":"C:\\Users\\KP-CHANDRA-NEW\\Desktop\\react-testing\\part2-notes-frontend\\src\\components\\Toggleable.jsx","all":false,"statementMap":{"0":{"start":{"line":1,"column":0},"end":{"line":1,"column":25}},"2":{"start":{"line":3,"column":0},"end":{"line":3,"column":45}},"3":{"start":{"line":4,"column":0},"end":{"line":4,"column":63}},"4":{"start":{"line":5,"column":0},"end":{"line":5,"column":10}},"5":{"start":{"line":6,"column":0},"end":{"line":6,"column":5}},"7":{"start":{"line":8,"column":0},"end":{"line":8,"column":78}},"8":{"start":{"line":9,"column":0},"end":{"line":9,"column":54}},"9":{"start":{"line":10,"column":0},"end":{"line":10,"column":14}},"10":{"start":{"line":11,"column":0},"end":{"line":11,"column":10}},"11":{"start":{"line":12,"column":0},"end":{"line":12,"column":6}},"13":{"start":{"line":14,"column":0},"end":{"line":14,"column":1}},"15":{"start":{"line":16,"column":0},"end":{"line":16,"column":25}}},"s":{"0":1,"2":4,"3":4,"4":4,"5":4,"7":4,"8":4,"9":4,"10":4,"11":4,"13":4,"15":1},"branchMap":{"0":{"type":"branch","line":3,"loc":{"start":{"line":3,"column":0},"end":{"line":14,"column":1}},"locations":[{"start":{"line":3,"column":0},"end":{"line":14,"column":1}}]},"1":{"type":"branch","line":9,"loc":{"start":{"line":9,"column":25},"end":{"line":9,"column":45}},"locations":[{"start":{"line":9,"column":25},"end":{"line":9,"column":45}}]},"2":{"type":"branch","line":9,"loc":{"start":{"line":9,"column":37},"end":{"line":9,"column":51}},"locations":[{"start":{"line":9,"column":37},"end":{"line":9,"column":51}}]},"3":{"type":"branch","line":8,"loc":{"start":{"line":8,"column":20},"end":{"line":8,"column":57}},"locations":[{"start":{"line":8,"column":20},"end":{"line":8,"column":57}}]}},"b":{"0":[4],"1":[1],"2":[3],"3":[1]},"fnMap":{"0":{"name":"Togglable","decl":{"start":{"line":3,"column":0},"end":{"line":14,"column":1}},"loc":{"start":{"line":3,"column":0},"end":{"line":14,"column":1}},"line":3},"1":{"name":"onClick","decl":{"start":{"line":8,"column":20},"end":{"line":8,"column":57}},"loc":{"start":{"line":8,"column":20},"end":{"line":8,"column":57}},"line":8}},"f":{"0":4,"1":1}}
}
